cpn-k08-41-02.cbls.ccr.buffalo.edu
cpn-k08-41-01.cbls.ccr.buffalo.edu
cpn-k08-40-01.cbls.ccr.buffalo.edu
cpn-k08-40-02.cbls.ccr.buffalo.edu
cpn-k08-41-02.cbls.ccr.buffalo.edu
cpn-k08-41-01.cbls.ccr.buffalo.edu
cpn-k08-40-01.cbls.ccr.buffalo.edu
cpn-k08-40-02.cbls.ccr.buffalo.edu
 Intel-MPI is in your path. This is adequate for compiling and running most
codes. Source the
/util/academic/intel/17.0/compilers_and_libraries_2017/linux/mpi/intel64/bin/mpivars.sh
file for more features. 

The following have been reloaded with a version change:
  1) intel-mpi/4.1.3 => intel-mpi/2017.0.1

8
pi is approximately 3.1415926535898455, Error is 0.0000000000000524
time used=1.670000 seconds!!!! 
time used=1.670000 seconds!!!! 
time used=2.660000 seconds!!!! 
time used=2.680000 seconds!!!! 
time used=2.680000 seconds!!!! 
time used=2.650000 seconds!!!! 
time used=2.690000 seconds!!!! 
time used=2.660000 seconds!!!! 

real	0m5.897s
user	0m0.024s
sys	0m0.038s
